<?xml version="1.0" encoding="UTF-8"?>
<!-- Generated by org.testng.reporters.JUnitReportReporter -->
<testsuite hostname="ANVESH-PC" name="TestScripts.Tc1_Login" tests="1" failures="0" timestamp="18 Jul 2018 19:24:00 GMT" time="54.375" errors="0">
  <testcase name="verifyOrangeHRM" time="54.375" classname="TestScripts.Tc1_Login"/>
</testsuite> <!-- TestScripts.Tc1_Login -->
