<?xml version="1.0" encoding="UTF-8"?>
<!-- Generated by org.testng.reporters.JUnitReportReporter -->
<testsuite hostname="ANVESH-PC" name="TestScripts.TC2_AddEmp" tests="1" failures="0" timestamp="18 Jul 2018 19:24:00 GMT" time="85.611" errors="0">
  <testcase name="AddEmployee" time="85.611" classname="TestScripts.TC2_AddEmp"/>
</testsuite> <!-- TestScripts.TC2_AddEmp -->
